2019-12-02 17:31:34.908  INFO 12740 --- [main] pringBootHelloworldQuickstratApplication : Starting SpringBootHelloworldQuickstratApplication on pc1 with PID 12740 (H:\CODE\Code_Home\spring_boot_helloworld_quickstrat\target\classes started by Wrysunny in H:\CODE\Code_Home)
2019-12-02 17:31:34.908 DEBUG 12740 --- [main] pringBootHelloworldQuickstratApplication : Running with Spring Boot v2.2.1.RELEASE, Spring v5.2.1.RELEASE
2019-12-02 17:31:34.908  INFO 12740 --- [main] pringBootHelloworldQuickstratApplication : The following profiles are active: person
2019-12-02 17:31:36.036  INFO 12740 --- [main] o.s.b.w.embedded.tomcat.TomcatWebServer  : Tomcat initialized with port(s): 8080 (http)
2019-12-02 17:31:36.045  INFO 12740 --- [main] o.apache.catalina.core.StandardService   : Starting service [Tomcat]
2019-12-02 17:31:36.046  INFO 12740 --- [main] org.apache.catalina.core.StandardEngine  : Starting Servlet engine: [Apache Tomcat/9.0.27]
2019-12-02 17:31:36.129  INFO 12740 --- [main] o.a.c.c.C.[Tomcat].[localhost].[/]       : Initializing Spring embedded WebApplicationContext
2019-12-02 17:31:36.129  INFO 12740 --- [main] o.s.web.context.ContextLoader            : Root WebApplicationContext: initialization completed in 1150 ms
2019-12-02 17:31:36.477  INFO 12740 --- [main] o.s.s.concurrent.ThreadPoolTaskExecutor  : Initializing ExecutorService 'applicationTaskExecutor'
2019-12-02 17:31:36.663  INFO 12740 --- [main] o.apache.catalina.core.StandardService   : Stopping service [Tomcat]
2019-12-02 17:31:36.677  INFO 12740 --- [main] ConditionEvaluationReportLoggingListener : 

Error starting ApplicationContext. To display the conditions report re-run your application with 'debug' enabled.
2019-12-02 17:31:36.683 ERROR 12740 --- [main] o.s.b.d.LoggingFailureAnalysisReporter   : 

***************************
APPLICATION FAILED TO START
***************************

Description:

Web server failed to start. Port 8080 was already in use.

Action:

Identify and stop the process that's listening on port 8080 or configure this application to listen on another port.

2019-12-02 17:31:36.685  INFO 12740 --- [main] o.s.s.concurrent.ThreadPoolTaskExecutor  : Shutting down ExecutorService 'applicationTaskExecutor'
2019-12-02 17:38:04.068  INFO 148 --- [main] pringBootHelloworldQuickstratApplication : Starting SpringBootHelloworldQuickstratApplication on pc1 with PID 148 (H:\CODE\Code_Home\spring_boot_helloworld_quickstrat\target\classes started by Wrysunny in H:\CODE\Code_Home)
2019-12-02 17:38:04.084 DEBUG 148 --- [main] pringBootHelloworldQuickstratApplication : Running with Spring Boot v2.2.1.RELEASE, Spring v5.2.1.RELEASE
2019-12-02 17:38:04.084  INFO 148 --- [main] pringBootHelloworldQuickstratApplication : The following profiles are active: person
2019-12-02 17:38:06.516  INFO 148 --- [main] o.s.b.w.embedded.tomcat.TomcatWebServer  : Tomcat initialized with port(s): 8080 (http)
2019-12-02 17:38:06.547  INFO 148 --- [main] o.apache.catalina.core.StandardService   : Starting service [Tomcat]
2019-12-02 17:38:06.547  INFO 148 --- [main] org.apache.catalina.core.StandardEngine  : Starting Servlet engine: [Apache Tomcat/9.0.27]
2019-12-02 17:38:06.657  INFO 148 --- [main] o.a.c.c.C.[Tomcat].[localhost].[/]       : Initializing Spring embedded WebApplicationContext
2019-12-02 17:38:06.657  INFO 148 --- [main] o.s.web.context.ContextLoader            : Root WebApplicationContext: initialization completed in 2370 ms
2019-12-02 17:38:07.188  INFO 148 --- [main] o.s.s.concurrent.ThreadPoolTaskExecutor  : Initializing ExecutorService 'applicationTaskExecutor'
2019-12-02 17:38:07.525  INFO 148 --- [main] o.s.b.w.embedded.tomcat.TomcatWebServer  : Tomcat started on port(s): 8080 (http) with context path ''
2019-12-02 17:38:07.529  INFO 148 --- [main] pringBootHelloworldQuickstratApplication : Started SpringBootHelloworldQuickstratApplication in 5.155 seconds (JVM running for 7.122)
